\BOOKMARK [0][-]{chapter.1}{\376\377\147\072\126\150\133\146\116\140\127\372\170\100}{}% 1
\BOOKMARK [1][-]{section.1.1}{\376\377\147\072\126\150\133\146\116\140\173\200\116\313}{chapter.1}% 2
\BOOKMARK [2][-]{subsection.1.1.1}{\376\377\147\072\126\150\133\146\116\140\150\106\147\266}{section.1.1}% 3
\BOOKMARK [2][-]{subsection.1.1.2}{\376\377\147\072\126\150\133\146\116\140\116\011\153\145\232\244}{section.1.1}% 4
\BOOKMARK [1][-]{section.1.2}{\376\377\126\336\137\122\225\356\230\230}{chapter.1}% 5
\BOOKMARK [1][-]{section.1.3}{\376\377\213\357\135\356\147\145\201\352\117\125\131\004}{chapter.1}% 6
\BOOKMARK [1][-]{section.1.4}{\376\377\150\257\136\246\116\013\226\115}{chapter.1}% 7
\BOOKMARK [2][-]{subsection.1.4.1}{\376\377\133\146\116\140\163\207\137\256\214\003}{section.1.4}% 8
\BOOKMARK [2][-]{subsection.1.4.2}{\376\377\226\217\147\072\150\257\136\246\116\013\226\115\154\325\000\040\000S\000t\000o\000c\000h\000a\000s\000t\000i\000c\000\040\000G\000r\000a\000d\000i\000e\000n\000t\000\040\000D\000e\000s\000c\000e\000n\000t}{section.1.4}% 9
\BOOKMARK [2][-]{subsection.1.4.3}{\376\377\162\171\137\201\177\051\145\076}{section.1.4}% 10
\BOOKMARK [2][-]{subsection.1.4.4}{\376\377\150\257\136\246\116\013\226\115\145\160\133\146\164\006\213\272}{section.1.4}% 11
\BOOKMARK [1][-]{section.1.5}{\376\377\122\006\174\173\225\356\230\230}{chapter.1}% 12
\BOOKMARK [2][-]{subsection.1.5.1}{\376\377\165\061\126\336\137\122\122\060\122\006\174\173}{section.1.5}% 13
\BOOKMARK [2][-]{subsection.1.5.2}{\376\377\151\202\163\207\213\272\127\372\170\100\167\345\213\306}{section.1.5}% 14
\BOOKMARK [2][-]{subsection.1.5.3}{\376\377\116\214\122\006\174\173\225\356\230\230}{section.1.5}% 15
\BOOKMARK [1][-]{section.1.6}{\376\377\220\073\217\221\126\336\137\122}{chapter.1}% 16
\BOOKMARK [2][-]{subsection.1.6.1}{\376\377\220\073\217\221\126\336\137\122\166\204\165\061\147\145}{section.1.6}% 17
\BOOKMARK [2][-]{subsection.1.6.2}{\376\377\220\073\217\221\126\336\137\122\116\016\176\277\140\047\126\336\137\122\166\204\133\371\153\324}{section.1.6}% 18
\BOOKMARK [2][-]{subsection.1.6.3}{\376\377\131\032\174\173\122\053\122\006\174\173\225\356\230\230}{section.1.6}% 19
\BOOKMARK [2][-]{subsection.1.6.4}{\376\377\220\073\217\221\126\336\137\122\166\204\134\100\226\120\116\016\155\361\136\246\133\146\116\140\166\204\165\061\147\145}{section.1.6}% 20
\BOOKMARK [2][-]{subsection.1.6.5}{\376\377\000l\000i\000n\000e\000r\000\040\000r\000e\000g\000r\000e\000s\000s\000i\000o\000n\000\040\121\166\133\203\143\250\133\374\145\271\154\325}{section.1.6}% 21
\BOOKMARK [1][-]{section.1.7}{\376\377\155\361\136\246\133\146\116\140\173\200\116\313\116\016\123\315\124\021\117\040\144\255\173\227\154\325}{chapter.1}% 22
\BOOKMARK [2][-]{subsection.1.7.1}{\376\377\155\361\136\246\133\146\116\140\166\204\123\206\123\362}{section.1.7}% 23
\BOOKMARK [2][-]{subsection.1.7.2}{\376\377\116\011\153\145\232\244\167\013\155\361\136\246\133\146\116\140}{section.1.7}% 24
\BOOKMARK [1][-]{section.1.8}{\376\377\123\315\124\021\117\040\144\255\173\227\154\325}{chapter.1}% 25
